0 info it worked if it ends with ok
1 verbose cli [ '/usr/local/bin/node', '/usr/local/bin/npm', 'start' ]
2 info using npm@3.10.3
3 info using node@v6.2.2
4 verbose run-script [ 'prestart', 'start', 'poststart' ]
5 info lifecycle ghost@0.9.0-beta.2~prestart: ghost@0.9.0-beta.2
6 silly lifecycle ghost@0.9.0-beta.2~prestart: no script for prestart, continuing
7 info lifecycle ghost@0.9.0-beta.2~start: ghost@0.9.0-beta.2
8 verbose lifecycle ghost@0.9.0-beta.2~start: unsafe-perm in lifecycle true
9 verbose lifecycle ghost@0.9.0-beta.2~start: PATH: /usr/local/lib/node_modules/npm/bin/node-gyp-bin:/Users/raliclo/work/npu/ghost/node_modules/.bin:/usr/local/bin:/opt/local/bin:/opt/local/sbin:/opt/local/bin:/opt/local/sbin:/usr/local/bin:/usr/local:/usr/local/sbin:/usr/local/mysql/bin:/bin:/bin:/usr/local/opt/coreutils/libexec/gnubin:/usr/local/bin:/usr/bin:/bin:/usr/sbin:/sbin:/opt/X11/bin:/Library/TeX/texbin:/Users/raliclo/.npm-packages/bin:/usr/local/opt/go/libexec/bin
10 verbose lifecycle ghost@0.9.0-beta.2~start: CWD: /Users/raliclo/work/npu/ghost
11 silly lifecycle ghost@0.9.0-beta.2~start: Args: [ '-c', 'node index' ]
12 silly lifecycle ghost@0.9.0-beta.2~start: Returned: code: 255  signal: null
13 info lifecycle ghost@0.9.0-beta.2~start: Failed to exec start script
14 verbose stack Error: ghost@0.9.0-beta.2 start: `node index`
14 verbose stack Exit status 255
14 verbose stack     at EventEmitter.<anonymous> (/usr/local/lib/node_modules/npm/lib/utils/lifecycle.js:242:16)
14 verbose stack     at emitTwo (events.js:106:13)
14 verbose stack     at EventEmitter.emit (events.js:191:7)
14 verbose stack     at ChildProcess.<anonymous> (/usr/local/lib/node_modules/npm/lib/utils/spawn.js:40:14)
14 verbose stack     at emitTwo (events.js:106:13)
14 verbose stack     at ChildProcess.emit (events.js:191:7)
14 verbose stack     at maybeClose (internal/child_process.js:852:16)
14 verbose stack     at Process.ChildProcess._handle.onexit (internal/child_process.js:215:5)
15 verbose pkgid ghost@0.9.0-beta.2
16 verbose cwd /Users/raliclo/work/npu/ghost
17 error Darwin 15.5.0
18 error argv "/usr/local/bin/node" "/usr/local/bin/npm" "start"
19 error node v6.2.2
20 error npm  v3.10.3
21 error code ELIFECYCLE
22 error ghost@0.9.0-beta.2 start: `node index`
22 error Exit status 255
23 error Failed at the ghost@0.9.0-beta.2 start script 'node index'.
23 error Make sure you have the latest version of node.js and npm installed.
23 error If you do, this is most likely a problem with the ghost package,
23 error not with npm itself.
23 error Tell the author that this fails on your system:
23 error     node index
23 error You can get information on how to open an issue for this project with:
23 error     npm bugs ghost
23 error Or if that isn't available, you can get their info via:
23 error     npm owner ls ghost
23 error There is likely additional logging output above.
24 verbose exit [ 1, true ]
